0 info it worked if it ends with ok
1 verbose cli [ 'node', '/usr/local/bin/npm', 'start' ]
2 info using npm@2.12.1
3 info using node@v0.12.6
4 verbose node symlink /usr/local/bin/node
5 verbose run-script [ 'prestart', 'start', 'poststart' ]
6 info prestart express-socketio-reactjs@1.0.0
7 verbose unsafe-perm in lifecycle true
8 info start express-socketio-reactjs@1.0.0
9 verbose unsafe-perm in lifecycle true
10 info express-socketio-reactjs@1.0.0 Failed to exec start script
11 verbose stack Error: express-socketio-reactjs@1.0.0 start: `node app-server.js`
11 verbose stack Exit status 1
11 verbose stack     at EventEmitter.<anonymous> (/usr/local/lib/node_modules/npm/lib/utils/lifecycle.js:213:16)
11 verbose stack     at EventEmitter.emit (events.js:110:17)
11 verbose stack     at ChildProcess.<anonymous> (/usr/local/lib/node_modules/npm/lib/utils/spawn.js:24:14)
11 verbose stack     at ChildProcess.emit (events.js:110:17)
11 verbose stack     at maybeClose (child_process.js:1015:16)
11 verbose stack     at Process.ChildProcess._handle.onexit (child_process.js:1087:5)
12 verbose pkgid express-socketio-reactjs@1.0.0
13 verbose cwd /Users/leonharj/react/express-socketio-reactjs
14 error Darwin 13.4.0
15 error argv "node" "/usr/local/bin/npm" "start"
16 error node v0.12.6
17 error npm  v2.12.1
18 error code ELIFECYCLE
19 error express-socketio-reactjs@1.0.0 start: `node app-server.js`
19 error Exit status 1
20 error Failed at the express-socketio-reactjs@1.0.0 start script 'node app-server.js'.
20 error This is most likely a problem with the express-socketio-reactjs package,
20 error not with npm itself.
20 error Tell the author that this fails on your system:
20 error     node app-server.js
20 error You can get their info via:
20 error     npm owner ls express-socketio-reactjs
20 error There is likely additional logging output above.
21 verbose exit [ 1, true ]
